<?xml version="1.0" encoding="UTF-8"?>
<!-- Generated by org.testng.reporters.JUnitXMLReporter -->
<testsuite ignored="0" hostname="LAPTOP-S80L74PF" failures="0" tests="3" name="Appointment History Tests" time="29.711" errors="0" timestamp="2026-04-21T15:08:44 IST">
  <testcase classname="tests.AppointmentHistoryTest" name="verifyHistoryContentDisplayed" time="3.535"/>
  <testcase classname="tests.AppointmentHistoryTest" name="verifyHistoryPageLoads" time="1.886"/>
  <testcase classname="tests.AppointmentHistoryTest" name="verifyLatestAppointmentInHistory" time="3.789"/>
</testsuite> <!-- Appointment History Tests -->
