<?xml version="1.0" encoding="UTF-8"?>
<!-- Generated by org.testng.reporters.JUnitXMLReporter -->
<testsuite ignored="0" hostname="LAPTOP-S80L74PF" failures="0" tests="3" name="Appointment History Tests" time="26.305" errors="0" timestamp="2026-04-21T21:47:14 IST">
  <testcase classname="tests.AppointmentHistoryTest" name="verifyHistoryContentDisplayed" time="3.685"/>
  <testcase classname="tests.AppointmentHistoryTest" name="verifyHistoryPageLoads" time="0.721"/>
  <testcase classname="tests.AppointmentHistoryTest" name="verifyLatestAppointmentInHistory" time="3.499"/>
</testsuite> <!-- Appointment History Tests -->
