<?xml version="1.0" encoding="UTF-8"?>
<!-- Generated by org.testng.reporters.JUnitXMLReporter -->
<testsuite ignored="0" hostname="LAPTOP-S80L74PF" failures="0" tests="4" name="Appointment Booking Tests" time="56.61" errors="0" timestamp="2026-04-21T15:52:40 IST">
  <testcase classname="tests.AppointmentBookingTest" name="verifyAppointmentBooking" time="1.197"/>
  <testcase classname="tests.AppointmentBookingTest" name="verifyAppointmentDetails" time="2.238"/>
  <testcase classname="tests.AppointmentBookingTest" name="verifyPastDateBehavior" time="3.571"/>
  <testcase classname="tests.AppointmentBookingTest" name="verifyReadmissionCheckbox" time="1.495"/>
</testsuite> <!-- Appointment Booking Tests -->
