<?xml version="1.0" encoding="UTF-8"?>
<!-- Generated by org.testng.reporters.JUnitXMLReporter -->
<testsuite ignored="0" hostname="LAPTOP-S80L74PF" failures="0" tests="3" name="Form Validations Tests" time="30.202" errors="0" timestamp="2026-04-21T15:09:14 IST">
  <testcase classname="tests.FormValidationsTest" name="verifyEmptyDateValidation" time="5.254"/>
  <testcase classname="tests.FormValidationsTest" name="verifyEmptyLoginValidation" time="4.125"/>
  <testcase classname="tests.FormValidationsTest" name="verifyLongCommentAccepted" time="3.622"/>
</testsuite> <!-- Form Validations Tests -->
