<?xml version="1.0" encoding="UTF-8"?>
<!-- Generated by org.testng.reporters.JUnitXMLReporter -->
<testsuite ignored="0" hostname="LAPTOP-S80L74PF" failures="0" tests="4" name="User Authentication Tests" time="52.052" errors="0" timestamp="2026-04-21T15:52:36 IST">
  <testcase classname="tests.LoginTest" name="verifyLogin" time="1.423"/>
  <testcase classname="tests.LoginTest" name="verifyLogin" time="1.644"/>
  <testcase classname="tests.LoginTest" name="verifyLogoutRedirectsToHomePage" time="3.22"/>
  <testcase classname="tests.LoginTest" name="verifyProtectedPageRedirectToLogin" time="0.83"/>
</testsuite> <!-- User Authentication Tests -->
