<?xml version="1.0" encoding="UTF-8"?>
<testng-results ignored="0" total="15" passed="15" failed="0" skipped="0">
  <reporter-output>
  </reporter-output>
  <suite started-at="2026-04-21T21:46:21 IST" name="Automation Suite" finished-at="2026-04-21T21:47:32 IST" duration-ms="71358">
    <groups>
    </groups>
    <test started-at="2026-04-21T21:46:21 IST" name="User Authentication Tests" finished-at="2026-04-21T21:46:47 IST" duration-ms="26523">
      <class name="tests.LoginTest">
        <test-method is-config="true" signature="setUp()[pri:0, instance:tests.LoginTest@7188af83]" started-at="2026-04-21T21:46:22 IST" name="setUp" finished-at="2026-04-21T21:46:27 IST" duration-ms="4751" status="PASS">
          <reporter-output>
          </reporter-output>
        </test-method> <!-- setUp -->
        <test-method signature="verifyLogin(java.lang.String,java.lang.String,java.lang.String)[pri:0, instance:tests.LoginTest@7188af83]" started-at="2026-04-21T21:46:27 IST" name="verifyLogin" data-provider="loginData" finished-at="2026-04-21T21:46:28 IST" duration-ms="1369" status="PASS">
          <params>
            <param index="0">
              <value>
                <![CDATA[John Doe]]>
              </value>
            </param>
            <param index="1">
              <value>
                <![CDATA[Password123]]>
              </value>
            </param>
            <param index="2">
              <value>
                <![CDATA[success]]>
              </value>
            </param>
          </params>
          <reporter-output>
          </reporter-output>
        </test-method> <!-- verifyLogin -->
        <test-method is-config="true" signature="tearDown()[pri:0, instance:tests.LoginTest@7188af83]" started-at="2026-04-21T21:46:28 IST" name="tearDown" finished-at="2026-04-21T21:46:29 IST" duration-ms="361" status="PASS">
          <reporter-output>
          </reporter-output>
        </test-method> <!-- tearDown -->
        <test-method is-config="true" signature="setUp()[pri:0, instance:tests.LoginTest@7188af83]" started-at="2026-04-21T21:46:29 IST" name="setUp" finished-at="2026-04-21T21:46:33 IST" duration-ms="4132" status="PASS">
          <reporter-output>
          </reporter-output>
        </test-method> <!-- setUp -->
        <test-method signature="verifyLogin(java.lang.String,java.lang.String,java.lang.String)[pri:0, instance:tests.LoginTest@7188af83]" started-at="2026-04-21T21:46:33 IST" name="verifyLogin" data-provider="loginData" finished-at="2026-04-21T21:46:34 IST" duration-ms="1625" status="PASS">
          <params>
            <param index="0">
              <value>
                <![CDATA[Vaishnavi]]>
              </value>
            </param>
            <param index="1">
              <value>
                <![CDATA[wrong123]]>
              </value>
            </param>
            <param index="2">
              <value>
                <![CDATA[failure]]>
              </value>
            </param>
          </params>
          <reporter-output>
          </reporter-output>
        </test-method> <!-- verifyLogin -->
        <test-method is-config="true" signature="tearDown()[pri:0, instance:tests.LoginTest@7188af83]" started-at="2026-04-21T21:46:34 IST" name="tearDown" finished-at="2026-04-21T21:46:35 IST" duration-ms="268" status="PASS">
          <reporter-output>
          </reporter-output>
        </test-method> <!-- tearDown -->
        <test-method is-config="true" signature="setUp()[pri:0, instance:tests.LoginTest@7188af83]" started-at="2026-04-21T21:46:35 IST" name="setUp" finished-at="2026-04-21T21:46:39 IST" duration-ms="3994" status="PASS">
          <reporter-output>
          </reporter-output>
        </test-method> <!-- setUp -->
        <test-method signature="verifyLogoutRedirectsToHomePage()[pri:0, instance:tests.LoginTest@7188af83]" started-at="2026-04-21T21:46:39 IST" name="verifyLogoutRedirectsToHomePage" finished-at="2026-04-21T21:46:42 IST" duration-ms="3176" status="PASS">
          <reporter-output>
          </reporter-output>
        </test-method> <!-- verifyLogoutRedirectsToHomePage -->
        <test-method is-config="true" signature="tearDown()[pri:0, instance:tests.LoginTest@7188af83]" started-at="2026-04-21T21:46:42 IST" name="tearDown" finished-at="2026-04-21T21:46:42 IST" duration-ms="272" status="PASS">
          <reporter-output>
          </reporter-output>
        </test-method> <!-- tearDown -->
        <test-method is-config="true" signature="setUp()[pri:0, instance:tests.LoginTest@7188af83]" started-at="2026-04-21T21:46:42 IST" name="setUp" finished-at="2026-04-21T21:46:45 IST" duration-ms="2448" status="PASS">
          <reporter-output>
          </reporter-output>
        </test-method> <!-- setUp -->
        <test-method signature="verifyProtectedPageRedirectToLogin()[pri:0, instance:tests.LoginTest@7188af83]" started-at="2026-04-21T21:46:45 IST" name="verifyProtectedPageRedirectToLogin" finished-at="2026-04-21T21:46:47 IST" duration-ms="2389" status="PASS">
          <reporter-output>
          </reporter-output>
        </test-method> <!-- verifyProtectedPageRedirectToLogin -->
        <test-method is-config="true" signature="tearDown()[pri:0, instance:tests.LoginTest@7188af83]" started-at="2026-04-21T21:46:47 IST" name="tearDown" finished-at="2026-04-21T21:46:47 IST" duration-ms="279" status="PASS">
          <reporter-output>
          </reporter-output>
        </test-method> <!-- tearDown -->
      </class> <!-- tests.LoginTest -->
    </test> <!-- User Authentication Tests -->
    <test started-at="2026-04-21T21:46:21 IST" name="Appointment Booking Tests" finished-at="2026-04-21T21:46:57 IST" duration-ms="35794">
      <class name="tests.AppointmentBookingTest">
        <test-method is-config="true" signature="setUp()[pri:0, instance:tests.AppointmentBookingTest@624ea235]" started-at="2026-04-21T21:46:21 IST" name="setUp" finished-at="2026-04-21T21:46:27 IST" duration-ms="6078" status="PASS">
          <reporter-output>
          </reporter-output>
        </test-method> <!-- setUp -->
        <test-method is-config="true" signature="login()[pri:0, instance:tests.AppointmentBookingTest@624ea235]" started-at="2026-04-21T21:46:27 IST" name="login" finished-at="2026-04-21T21:46:28 IST" duration-ms="1571" status="PASS">
          <reporter-output>
          </reporter-output>
        </test-method> <!-- login -->
        <test-method signature="verifyAppointmentBooking()[pri:0, instance:tests.AppointmentBookingTest@624ea235]" started-at="2026-04-21T21:46:28 IST" name="verifyAppointmentBooking" finished-at="2026-04-21T21:46:31 IST" duration-ms="2560" status="PASS">
          <reporter-output>
          </reporter-output>
        </test-method> <!-- verifyAppointmentBooking -->
        <test-method is-config="true" signature="tearDown()[pri:0, instance:tests.AppointmentBookingTest@624ea235]" started-at="2026-04-21T21:46:31 IST" name="tearDown" finished-at="2026-04-21T21:46:31 IST" duration-ms="332" status="PASS">
          <reporter-output>
          </reporter-output>
        </test-method> <!-- tearDown -->
        <test-method is-config="true" signature="setUp()[pri:0, instance:tests.AppointmentBookingTest@624ea235]" started-at="2026-04-21T21:46:31 IST" name="setUp" finished-at="2026-04-21T21:46:36 IST" duration-ms="4232" status="PASS">
          <reporter-output>
          </reporter-output>
        </test-method> <!-- setUp -->
        <test-method is-config="true" signature="login()[pri:0, instance:tests.AppointmentBookingTest@624ea235]" started-at="2026-04-21T21:46:36 IST" name="login" finished-at="2026-04-21T21:46:37 IST" duration-ms="1607" status="PASS">
          <reporter-output>
          </reporter-output>
        </test-method> <!-- login -->
        <test-method signature="verifyAppointmentDetails()[pri:0, instance:tests.AppointmentBookingTest@624ea235]" started-at="2026-04-21T21:46:37 IST" name="verifyAppointmentDetails" finished-at="2026-04-21T21:46:40 IST" duration-ms="2780" status="PASS">
          <reporter-output>
          </reporter-output>
        </test-method> <!-- verifyAppointmentDetails -->
        <test-method is-config="true" signature="tearDown()[pri:0, instance:tests.AppointmentBookingTest@624ea235]" started-at="2026-04-21T21:46:40 IST" name="tearDown" finished-at="2026-04-21T21:46:40 IST" duration-ms="267" status="PASS">
          <reporter-output>
          </reporter-output>
        </test-method> <!-- tearDown -->
        <test-method is-config="true" signature="setUp()[pri:0, instance:tests.AppointmentBookingTest@624ea235]" started-at="2026-04-21T21:46:40 IST" name="setUp" finished-at="2026-04-21T21:46:43 IST" duration-ms="2344" status="PASS">
          <reporter-output>
          </reporter-output>
        </test-method> <!-- setUp -->
        <test-method is-config="true" signature="login()[pri:0, instance:tests.AppointmentBookingTest@624ea235]" started-at="2026-04-21T21:46:43 IST" name="login" finished-at="2026-04-21T21:46:46 IST" duration-ms="3436" status="PASS">
          <reporter-output>
          </reporter-output>
        </test-method> <!-- login -->
        <test-method signature="verifyPastDateBehavior()[pri:0, instance:tests.AppointmentBookingTest@624ea235]" started-at="2026-04-21T21:46:46 IST" name="verifyPastDateBehavior" finished-at="2026-04-21T21:46:49 IST" duration-ms="2643" status="PASS">
          <reporter-output>
          </reporter-output>
        </test-method> <!-- verifyPastDateBehavior -->
        <test-method is-config="true" signature="tearDown()[pri:0, instance:tests.AppointmentBookingTest@624ea235]" started-at="2026-04-21T21:46:49 IST" name="tearDown" finished-at="2026-04-21T21:46:49 IST" duration-ms="474" status="PASS">
          <reporter-output>
          </reporter-output>
        </test-method> <!-- tearDown -->
        <test-method is-config="true" signature="setUp()[pri:0, instance:tests.AppointmentBookingTest@624ea235]" started-at="2026-04-21T21:46:49 IST" name="setUp" finished-at="2026-04-21T21:46:53 IST" duration-ms="3978" status="PASS">
          <reporter-output>
          </reporter-output>
        </test-method> <!-- setUp -->
        <test-method is-config="true" signature="login()[pri:0, instance:tests.AppointmentBookingTest@624ea235]" started-at="2026-04-21T21:46:53 IST" name="login" finished-at="2026-04-21T21:46:54 IST" duration-ms="1156" status="PASS">
          <reporter-output>
          </reporter-output>
        </test-method> <!-- login -->
        <test-method signature="verifyReadmissionCheckbox()[pri:0, instance:tests.AppointmentBookingTest@624ea235]" started-at="2026-04-21T21:46:54 IST" name="verifyReadmissionCheckbox" finished-at="2026-04-21T21:46:56 IST" duration-ms="1997" status="PASS">
          <reporter-output>
          </reporter-output>
        </test-method> <!-- verifyReadmissionCheckbox -->
        <test-method is-config="true" signature="tearDown()[pri:0, instance:tests.AppointmentBookingTest@624ea235]" started-at="2026-04-21T21:46:56 IST" name="tearDown" finished-at="2026-04-21T21:46:57 IST" duration-ms="267" status="PASS">
          <reporter-output>
          </reporter-output>
        </test-method> <!-- tearDown -->
      </class> <!-- tests.AppointmentBookingTest -->
    </test> <!-- Appointment Booking Tests -->
    <test started-at="2026-04-21T21:46:57 IST" name="Multiple Appointments Tests" finished-at="2026-04-21T21:47:09 IST" duration-ms="12507">
      <class name="tests.MultipleAppointmentsTest">
        <test-method is-config="true" signature="setUp()[pri:0, instance:tests.MultipleAppointmentsTest@46d59067]" started-at="2026-04-21T21:46:57 IST" name="setUp" finished-at="2026-04-21T21:47:01 IST" duration-ms="4234" status="PASS">
          <reporter-output>
          </reporter-output>
        </test-method> <!-- setUp -->
        <test-method is-config="true" signature="login()[pri:0, instance:tests.MultipleAppointmentsTest@46d59067]" started-at="2026-04-21T21:47:01 IST" name="login" finished-at="2026-04-21T21:47:02 IST" duration-ms="1605" status="PASS">
          <reporter-output>
          </reporter-output>
        </test-method> <!-- login -->
        <test-method signature="verifyMultipleAppointmentsAndSorting()[pri:0, instance:tests.MultipleAppointmentsTest@46d59067]" started-at="2026-04-21T21:47:02 IST" name="verifyMultipleAppointmentsAndSorting" finished-at="2026-04-21T21:47:09 IST" duration-ms="6357" status="PASS">
          <reporter-output>
          </reporter-output>
        </test-method> <!-- verifyMultipleAppointmentsAndSorting -->
        <test-method is-config="true" signature="tearDown()[pri:0, instance:tests.MultipleAppointmentsTest@46d59067]" started-at="2026-04-21T21:47:09 IST" name="tearDown" finished-at="2026-04-21T21:47:09 IST" duration-ms="309" status="PASS">
          <reporter-output>
          </reporter-output>
        </test-method> <!-- tearDown -->
      </class> <!-- tests.MultipleAppointmentsTest -->
    </test> <!-- Multiple Appointments Tests -->
    <test started-at="2026-04-21T21:46:48 IST" name="Appointment History Tests" finished-at="2026-04-21T21:47:14 IST" duration-ms="26305">
      <class name="tests.AppointmentHistoryTest">
        <test-method is-config="true" signature="setUp()[pri:0, instance:tests.AppointmentHistoryTest@7bbc8656]" started-at="2026-04-21T21:46:48 IST" name="setUp" finished-at="2026-04-21T21:46:52 IST" duration-ms="4043" status="PASS">
          <reporter-output>
          </reporter-output>
        </test-method> <!-- setUp -->
        <test-method is-config="true" signature="login()[pri:0, instance:tests.AppointmentHistoryTest@7bbc8656]" started-at="2026-04-21T21:46:52 IST" name="login" finished-at="2026-04-21T21:46:54 IST" duration-ms="1558" status="PASS">
          <reporter-output>
          </reporter-output>
        </test-method> <!-- login -->
        <test-method signature="verifyHistoryContentDisplayed()[pri:0, instance:tests.AppointmentHistoryTest@7bbc8656]" started-at="2026-04-21T21:46:54 IST" name="verifyHistoryContentDisplayed" finished-at="2026-04-21T21:46:57 IST" duration-ms="3685" status="PASS">
          <reporter-output>
          </reporter-output>
        </test-method> <!-- verifyHistoryContentDisplayed -->
        <test-method is-config="true" signature="tearDown()[pri:0, instance:tests.AppointmentHistoryTest@7bbc8656]" started-at="2026-04-21T21:46:57 IST" name="tearDown" finished-at="2026-04-21T21:46:58 IST" duration-ms="642" status="PASS">
          <reporter-output>
          </reporter-output>
        </test-method> <!-- tearDown -->
        <test-method is-config="true" signature="setUp()[pri:0, instance:tests.AppointmentHistoryTest@7bbc8656]" started-at="2026-04-21T21:46:58 IST" name="setUp" finished-at="2026-04-21T21:47:02 IST" duration-ms="3949" status="PASS">
          <reporter-output>
          </reporter-output>
        </test-method> <!-- setUp -->
        <test-method is-config="true" signature="login()[pri:0, instance:tests.AppointmentHistoryTest@7bbc8656]" started-at="2026-04-21T21:47:02 IST" name="login" finished-at="2026-04-21T21:47:04 IST" duration-ms="1961" status="PASS">
          <reporter-output>
          </reporter-output>
        </test-method> <!-- login -->
        <test-method signature="verifyHistoryPageLoads()[pri:0, instance:tests.AppointmentHistoryTest@7bbc8656]" started-at="2026-04-21T21:47:04 IST" name="verifyHistoryPageLoads" finished-at="2026-04-21T21:47:05 IST" duration-ms="721" status="PASS">
          <reporter-output>
          </reporter-output>
        </test-method> <!-- verifyHistoryPageLoads -->
        <test-method is-config="true" signature="tearDown()[pri:0, instance:tests.AppointmentHistoryTest@7bbc8656]" started-at="2026-04-21T21:47:05 IST" name="tearDown" finished-at="2026-04-21T21:47:05 IST" duration-ms="261" status="PASS">
          <reporter-output>
          </reporter-output>
        </test-method> <!-- tearDown -->
        <test-method is-config="true" signature="setUp()[pri:0, instance:tests.AppointmentHistoryTest@7bbc8656]" started-at="2026-04-21T21:47:05 IST" name="setUp" finished-at="2026-04-21T21:47:09 IST" duration-ms="4099" status="PASS">
          <reporter-output>
          </reporter-output>
        </test-method> <!-- setUp -->
        <test-method is-config="true" signature="login()[pri:0, instance:tests.AppointmentHistoryTest@7bbc8656]" started-at="2026-04-21T21:47:09 IST" name="login" finished-at="2026-04-21T21:47:11 IST" duration-ms="1569" status="PASS">
          <reporter-output>
          </reporter-output>
        </test-method> <!-- login -->
        <test-method signature="verifyLatestAppointmentInHistory()[pri:0, instance:tests.AppointmentHistoryTest@7bbc8656]" started-at="2026-04-21T21:47:11 IST" name="verifyLatestAppointmentInHistory" finished-at="2026-04-21T21:47:14 IST" duration-ms="3499" status="PASS">
          <reporter-output>
          </reporter-output>
        </test-method> <!-- verifyLatestAppointmentInHistory -->
        <test-method is-config="true" signature="tearDown()[pri:0, instance:tests.AppointmentHistoryTest@7bbc8656]" started-at="2026-04-21T21:47:14 IST" name="tearDown" finished-at="2026-04-21T21:47:14 IST" duration-ms="310" status="PASS">
          <reporter-output>
          </reporter-output>
        </test-method> <!-- tearDown -->
      </class> <!-- tests.AppointmentHistoryTest -->
    </test> <!-- Appointment History Tests -->
    <test started-at="2026-04-21T21:47:09 IST" name="Form Validations Tests" finished-at="2026-04-21T21:47:32 IST" duration-ms="22901">
      <class name="tests.FormValidationsTest">
        <test-method is-config="true" signature="setUp()[pri:0, instance:tests.FormValidationsTest@5a7fe64f]" started-at="2026-04-21T21:47:09 IST" name="setUp" finished-at="2026-04-21T21:47:13 IST" duration-ms="4110" status="PASS">
          <reporter-output>
          </reporter-output>
        </test-method> <!-- setUp -->
        <test-method signature="verifyEmptyDateValidation()[pri:0, instance:tests.FormValidationsTest@5a7fe64f]" started-at="2026-04-21T21:47:13 IST" name="verifyEmptyDateValidation" finished-at="2026-04-21T21:47:16 IST" duration-ms="3172" status="PASS">
          <reporter-output>
          </reporter-output>
        </test-method> <!-- verifyEmptyDateValidation -->
        <test-method is-config="true" signature="tearDown()[pri:0, instance:tests.FormValidationsTest@5a7fe64f]" started-at="2026-04-21T21:47:16 IST" name="tearDown" finished-at="2026-04-21T21:47:17 IST" duration-ms="262" status="PASS">
          <reporter-output>
          </reporter-output>
        </test-method> <!-- tearDown -->
        <test-method is-config="true" signature="setUp()[pri:0, instance:tests.FormValidationsTest@5a7fe64f]" started-at="2026-04-21T21:47:17 IST" name="setUp" finished-at="2026-04-21T21:47:20 IST" duration-ms="3649" status="PASS">
          <reporter-output>
          </reporter-output>
        </test-method> <!-- setUp -->
        <test-method signature="verifyEmptyLoginValidation()[pri:0, instance:tests.FormValidationsTest@5a7fe64f]" started-at="2026-04-21T21:47:20 IST" name="verifyEmptyLoginValidation" finished-at="2026-04-21T21:47:23 IST" duration-ms="2774" status="PASS">
          <reporter-output>
          </reporter-output>
        </test-method> <!-- verifyEmptyLoginValidation -->
        <test-method is-config="true" signature="tearDown()[pri:0, instance:tests.FormValidationsTest@5a7fe64f]" started-at="2026-04-21T21:47:23 IST" name="tearDown" finished-at="2026-04-21T21:47:23 IST" duration-ms="289" status="PASS">
          <reporter-output>
          </reporter-output>
        </test-method> <!-- tearDown -->
        <test-method is-config="true" signature="setUp()[pri:0, instance:tests.FormValidationsTest@5a7fe64f]" started-at="2026-04-21T21:47:23 IST" name="setUp" finished-at="2026-04-21T21:47:27 IST" duration-ms="3912" status="PASS">
          <reporter-output>
          </reporter-output>
        </test-method> <!-- setUp -->
        <test-method signature="verifyLongCommentAccepted()[pri:0, instance:tests.FormValidationsTest@5a7fe64f]" started-at="2026-04-21T21:47:27 IST" name="verifyLongCommentAccepted" finished-at="2026-04-21T21:47:32 IST" duration-ms="4464" status="PASS">
          <reporter-output>
          </reporter-output>
        </test-method> <!-- verifyLongCommentAccepted -->
        <test-method is-config="true" signature="tearDown()[pri:0, instance:tests.FormValidationsTest@5a7fe64f]" started-at="2026-04-21T21:47:32 IST" name="tearDown" finished-at="2026-04-21T21:47:32 IST" duration-ms="263" status="PASS">
          <reporter-output>
          </reporter-output>
        </test-method> <!-- tearDown -->
      </class> <!-- tests.FormValidationsTest -->
    </test> <!-- Form Validations Tests -->
  </suite> <!-- Automation Suite -->
</testng-results>
