<?xml version="1.0" encoding="UTF-8"?>
<!-- Generated by org.testng.reporters.JUnitXMLReporter -->
<testsuite ignored="0" hostname="LAPTOP-S80L74PF" failures="0" tests="3" name="Appointment History Tests" time="27.095" errors="0" timestamp="2026-04-21T21:42:21 IST">
  <testcase classname="tests.AppointmentHistoryTest" name="verifyHistoryContentDisplayed" time="2.477"/>
  <testcase classname="tests.AppointmentHistoryTest" name="verifyHistoryPageLoads" time="1.442"/>
  <testcase classname="tests.AppointmentHistoryTest" name="verifyLatestAppointmentInHistory" time="3.261"/>
</testsuite> <!-- Appointment History Tests -->
