<?xml version="1.0" encoding="UTF-8"?>
<!-- Generated by org.testng.reporters.JUnitXMLReporter -->
<testsuite ignored="0" hostname="LAPTOP-S80L74PF" failures="0" tests="4" name="Appointment Booking Tests" time="42.588" errors="0" timestamp="2026-04-21T15:28:17 IST">
  <testcase classname="tests.AppointmentBookingTest" name="verifyAppointmentBooking" time="1.612"/>
  <testcase classname="tests.AppointmentBookingTest" name="verifyAppointmentDetails" time="1.116"/>
  <testcase classname="tests.AppointmentBookingTest" name="verifyPastDateBehavior" time="1.986"/>
  <testcase classname="tests.AppointmentBookingTest" name="verifyReadmissionCheckbox" time="2.085"/>
</testsuite> <!-- Appointment Booking Tests -->
