<?xml version="1.0" encoding="UTF-8"?>
<!-- Generated by org.testng.reporters.JUnitXMLReporter -->
<testsuite ignored="0" hostname="LAPTOP-S80L74PF" failures="0" tests="4" name="Appointment Booking Tests" time="40.113" errors="0" timestamp="2026-04-21T21:42:00 IST">
  <testcase classname="tests.AppointmentBookingTest" name="verifyAppointmentBooking" time="2.304"/>
  <testcase classname="tests.AppointmentBookingTest" name="verifyAppointmentDetails" time="2.309"/>
  <testcase classname="tests.AppointmentBookingTest" name="verifyPastDateBehavior" time="1.565"/>
  <testcase classname="tests.AppointmentBookingTest" name="verifyReadmissionCheckbox" time="2.509"/>
</testsuite> <!-- Appointment Booking Tests -->
