<?xml version="1.0" encoding="UTF-8"?>
<!-- Generated by org.testng.reporters.JUnitXMLReporter -->
<testsuite ignored="0" hostname="LAPTOP-S80L74PF" failures="0" tests="3" name="Form Validations Tests" time="23.186" errors="0" timestamp="2026-04-21T15:28:54 IST">
  <testcase classname="tests.FormValidationsTest" name="verifyEmptyDateValidation" time="6.663"/>
  <testcase classname="tests.FormValidationsTest" name="verifyEmptyLoginValidation" time="2.16"/>
  <testcase classname="tests.FormValidationsTest" name="verifyLongCommentAccepted" time="3.256"/>
</testsuite> <!-- Form Validations Tests -->
