<?xml version="1.0" encoding="UTF-8"?>
<!-- Generated by org.testng.reporters.JUnitXMLReporter -->
<testsuite ignored="0" hostname="LAPTOP-S80L74PF" failures="0" tests="3" name="Form Validation Tests" time="31.964" errors="0" timestamp="2026-04-21T12:55:52 IST">
  <testcase classname="tests.FormValidationsTest" name="verifyEmptyDateValidation" time="2.792"/>
  <testcase classname="tests.FormValidationsTest" name="verifyEmptyLoginValidation" time="1.778"/>
  <testcase classname="tests.FormValidationsTest" name="verifyLongCommentAccepted" time="5.6"/>
</testsuite> <!-- Form Validation Tests -->
