<?xml version="1.0" encoding="UTF-8"?>
<!-- Generated by org.testng.reporters.JUnitXMLReporter -->
<testsuite ignored="0" hostname="LAPTOP-S80L74PF" failures="0" tests="3" name="Form Validations Tests" time="23.147" errors="0" timestamp="2026-04-21T21:42:36 IST">
  <testcase classname="tests.FormValidationsTest" name="verifyEmptyDateValidation" time="3.108"/>
  <testcase classname="tests.FormValidationsTest" name="verifyEmptyLoginValidation" time="1.989"/>
  <testcase classname="tests.FormValidationsTest" name="verifyLongCommentAccepted" time="4.498"/>
</testsuite> <!-- Form Validations Tests -->
