<?xml version="1.0" encoding="UTF-8"?>
<!-- Generated by org.testng.reporters.JUnitXMLReporter -->
<testsuite ignored="0" hostname="LAPTOP-S80L74PF" failures="0" tests="4" name="User Authentication Tests" time="33.066" errors="0" timestamp="2026-04-21T21:41:54 IST">
  <testcase classname="tests.LoginTest" name="verifyLogin" time="2.225"/>
  <testcase classname="tests.LoginTest" name="verifyLogin" time="3.819"/>
  <testcase classname="tests.LoginTest" name="verifyLogoutRedirectsToHomePage" time="3.574"/>
  <testcase classname="tests.LoginTest" name="verifyProtectedPageRedirectToLogin" time="0.798"/>
</testsuite> <!-- User Authentication Tests -->
