<?xml version="1.0" encoding="UTF-8"?>
<!-- Generated by org.testng.reporters.JUnitXMLReporter -->
<testsuite ignored="0" hostname="LAPTOP-S80L74PF" failures="0" tests="4" name="User Authentication Tests" time="36.255" errors="0" timestamp="2026-04-21T15:28:11 IST">
  <testcase classname="tests.LoginTest" name="verifyLogin" time="2.727"/>
  <testcase classname="tests.LoginTest" name="verifyLogin" time="2.294"/>
  <testcase classname="tests.LoginTest" name="verifyLogoutRedirectsToHomePage" time="3.612"/>
  <testcase classname="tests.LoginTest" name="verifyProtectedPageRedirectToLogin" time="0.512"/>
</testsuite> <!-- User Authentication Tests -->
