<?xml version="1.0" encoding="UTF-8"?>
<testng-results ignored="0" total="15" passed="15" failed="0" skipped="0">
  <reporter-output>
  </reporter-output>
  <suite started-at="2026-04-21T21:41:20 IST" name="Automation Suite" finished-at="2026-04-21T21:42:36 IST" duration-ms="76043">
    <groups>
    </groups>
    <test started-at="2026-04-21T21:41:20 IST" name="User Authentication Tests" finished-at="2026-04-21T21:41:53 IST" duration-ms="33066">
      <class name="tests.LoginTest">
        <test-method is-config="true" signature="setUp()[pri:0, instance:tests.LoginTest@2fb0623e]" started-at="2026-04-21T21:41:22 IST" name="setUp" finished-at="2026-04-21T21:41:29 IST" duration-ms="6402" status="PASS">
          <reporter-output>
          </reporter-output>
        </test-method> <!-- setUp -->
        <test-method signature="verifyLogin(java.lang.String,java.lang.String,java.lang.String)[pri:0, instance:tests.LoginTest@2fb0623e]" started-at="2026-04-21T21:41:29 IST" name="verifyLogin" data-provider="loginData" finished-at="2026-04-21T21:41:31 IST" duration-ms="2225" status="PASS">
          <params>
            <param index="0">
              <value>
                <![CDATA[John Doe]]>
              </value>
            </param>
            <param index="1">
              <value>
                <![CDATA[Password123]]>
              </value>
            </param>
            <param index="2">
              <value>
                <![CDATA[success]]>
              </value>
            </param>
          </params>
          <reporter-output>
          </reporter-output>
        </test-method> <!-- verifyLogin -->
        <test-method is-config="true" signature="tearDown()[pri:0, instance:tests.LoginTest@2fb0623e]" started-at="2026-04-21T21:41:31 IST" name="tearDown" finished-at="2026-04-21T21:41:31 IST" duration-ms="531" status="PASS">
          <reporter-output>
          </reporter-output>
        </test-method> <!-- tearDown -->
        <test-method is-config="true" signature="setUp()[pri:0, instance:tests.LoginTest@2fb0623e]" started-at="2026-04-21T21:41:31 IST" name="setUp" finished-at="2026-04-21T21:41:35 IST" duration-ms="3153" status="PASS">
          <reporter-output>
          </reporter-output>
        </test-method> <!-- setUp -->
        <test-method signature="verifyLogin(java.lang.String,java.lang.String,java.lang.String)[pri:0, instance:tests.LoginTest@2fb0623e]" started-at="2026-04-21T21:41:35 IST" name="verifyLogin" data-provider="loginData" finished-at="2026-04-21T21:41:38 IST" duration-ms="3819" status="PASS">
          <params>
            <param index="0">
              <value>
                <![CDATA[Vaishnavi]]>
              </value>
            </param>
            <param index="1">
              <value>
                <![CDATA[wrong123]]>
              </value>
            </param>
            <param index="2">
              <value>
                <![CDATA[failure]]>
              </value>
            </param>
          </params>
          <reporter-output>
          </reporter-output>
        </test-method> <!-- verifyLogin -->
        <test-method is-config="true" signature="tearDown()[pri:0, instance:tests.LoginTest@2fb0623e]" started-at="2026-04-21T21:41:38 IST" name="tearDown" finished-at="2026-04-21T21:41:39 IST" duration-ms="373" status="PASS">
          <reporter-output>
          </reporter-output>
        </test-method> <!-- tearDown -->
        <test-method is-config="true" signature="setUp()[pri:0, instance:tests.LoginTest@2fb0623e]" started-at="2026-04-21T21:41:39 IST" name="setUp" finished-at="2026-04-21T21:41:43 IST" duration-ms="4685" status="PASS">
          <reporter-output>
          </reporter-output>
        </test-method> <!-- setUp -->
        <test-method signature="verifyLogoutRedirectsToHomePage()[pri:0, instance:tests.LoginTest@2fb0623e]" started-at="2026-04-21T21:41:43 IST" name="verifyLogoutRedirectsToHomePage" finished-at="2026-04-21T21:41:47 IST" duration-ms="3574" status="PASS">
          <reporter-output>
          </reporter-output>
        </test-method> <!-- verifyLogoutRedirectsToHomePage -->
        <test-method is-config="true" signature="tearDown()[pri:0, instance:tests.LoginTest@2fb0623e]" started-at="2026-04-21T21:41:47 IST" name="tearDown" finished-at="2026-04-21T21:41:47 IST" duration-ms="219" status="PASS">
          <reporter-output>
          </reporter-output>
        </test-method> <!-- tearDown -->
        <test-method is-config="true" signature="setUp()[pri:0, instance:tests.LoginTest@2fb0623e]" started-at="2026-04-21T21:41:47 IST" name="setUp" finished-at="2026-04-21T21:41:52 IST" duration-ms="4515" status="PASS">
          <reporter-output>
          </reporter-output>
        </test-method> <!-- setUp -->
        <test-method signature="verifyProtectedPageRedirectToLogin()[pri:0, instance:tests.LoginTest@2fb0623e]" started-at="2026-04-21T21:41:52 IST" name="verifyProtectedPageRedirectToLogin" finished-at="2026-04-21T21:41:53 IST" duration-ms="798" status="PASS">
          <reporter-output>
          </reporter-output>
        </test-method> <!-- verifyProtectedPageRedirectToLogin -->
        <test-method is-config="true" signature="tearDown()[pri:0, instance:tests.LoginTest@2fb0623e]" started-at="2026-04-21T21:41:53 IST" name="tearDown" finished-at="2026-04-21T21:41:53 IST" duration-ms="236" status="PASS">
          <reporter-output>
          </reporter-output>
        </test-method> <!-- tearDown -->
      </class> <!-- tests.LoginTest -->
    </test> <!-- User Authentication Tests -->
    <test started-at="2026-04-21T21:41:20 IST" name="Appointment Booking Tests" finished-at="2026-04-21T21:42:00 IST" duration-ms="40113">
      <class name="tests.AppointmentBookingTest">
        <test-method is-config="true" signature="setUp()[pri:0, instance:tests.AppointmentBookingTest@928763c]" started-at="2026-04-21T21:41:20 IST" name="setUp" finished-at="2026-04-21T21:41:29 IST" duration-ms="8803" status="PASS">
          <reporter-output>
          </reporter-output>
        </test-method> <!-- setUp -->
        <test-method is-config="true" signature="login()[pri:0, instance:tests.AppointmentBookingTest@928763c]" started-at="2026-04-21T21:41:29 IST" name="login" finished-at="2026-04-21T21:41:31 IST" duration-ms="2332" status="PASS">
          <reporter-output>
          </reporter-output>
        </test-method> <!-- login -->
        <test-method signature="verifyAppointmentBooking()[pri:0, instance:tests.AppointmentBookingTest@928763c]" started-at="2026-04-21T21:41:31 IST" name="verifyAppointmentBooking" finished-at="2026-04-21T21:41:33 IST" duration-ms="2304" status="PASS">
          <reporter-output>
          </reporter-output>
        </test-method> <!-- verifyAppointmentBooking -->
        <test-method is-config="true" signature="tearDown()[pri:0, instance:tests.AppointmentBookingTest@928763c]" started-at="2026-04-21T21:41:33 IST" name="tearDown" finished-at="2026-04-21T21:41:34 IST" duration-ms="327" status="PASS">
          <reporter-output>
          </reporter-output>
        </test-method> <!-- tearDown -->
        <test-method is-config="true" signature="setUp()[pri:0, instance:tests.AppointmentBookingTest@928763c]" started-at="2026-04-21T21:41:34 IST" name="setUp" finished-at="2026-04-21T21:41:38 IST" duration-ms="4184" status="PASS">
          <reporter-output>
          </reporter-output>
        </test-method> <!-- setUp -->
        <test-method is-config="true" signature="login()[pri:0, instance:tests.AppointmentBookingTest@928763c]" started-at="2026-04-21T21:41:38 IST" name="login" finished-at="2026-04-21T21:41:40 IST" duration-ms="2116" status="PASS">
          <reporter-output>
          </reporter-output>
        </test-method> <!-- login -->
        <test-method signature="verifyAppointmentDetails()[pri:0, instance:tests.AppointmentBookingTest@928763c]" started-at="2026-04-21T21:41:40 IST" name="verifyAppointmentDetails" finished-at="2026-04-21T21:41:42 IST" duration-ms="2309" status="PASS">
          <reporter-output>
          </reporter-output>
        </test-method> <!-- verifyAppointmentDetails -->
        <test-method is-config="true" signature="tearDown()[pri:0, instance:tests.AppointmentBookingTest@928763c]" started-at="2026-04-21T21:41:42 IST" name="tearDown" finished-at="2026-04-21T21:41:42 IST" duration-ms="207" status="PASS">
          <reporter-output>
          </reporter-output>
        </test-method> <!-- tearDown -->
        <test-method is-config="true" signature="setUp()[pri:0, instance:tests.AppointmentBookingTest@928763c]" started-at="2026-04-21T21:41:42 IST" name="setUp" finished-at="2026-04-21T21:41:46 IST" duration-ms="4041" status="PASS">
          <reporter-output>
          </reporter-output>
        </test-method> <!-- setUp -->
        <test-method is-config="true" signature="login()[pri:0, instance:tests.AppointmentBookingTest@928763c]" started-at="2026-04-21T21:41:46 IST" name="login" finished-at="2026-04-21T21:41:49 IST" duration-ms="2644" status="PASS">
          <reporter-output>
          </reporter-output>
        </test-method> <!-- login -->
        <test-method signature="verifyPastDateBehavior()[pri:0, instance:tests.AppointmentBookingTest@928763c]" started-at="2026-04-21T21:41:49 IST" name="verifyPastDateBehavior" finished-at="2026-04-21T21:41:51 IST" duration-ms="1565" status="PASS">
          <reporter-output>
          </reporter-output>
        </test-method> <!-- verifyPastDateBehavior -->
        <test-method is-config="true" signature="tearDown()[pri:0, instance:tests.AppointmentBookingTest@928763c]" started-at="2026-04-21T21:41:51 IST" name="tearDown" finished-at="2026-04-21T21:41:51 IST" duration-ms="222" status="PASS">
          <reporter-output>
          </reporter-output>
        </test-method> <!-- tearDown -->
        <test-method is-config="true" signature="setUp()[pri:0, instance:tests.AppointmentBookingTest@928763c]" started-at="2026-04-21T21:41:51 IST" name="setUp" finished-at="2026-04-21T21:41:53 IST" duration-ms="2537" status="PASS">
          <reporter-output>
          </reporter-output>
        </test-method> <!-- setUp -->
        <test-method is-config="true" signature="login()[pri:0, instance:tests.AppointmentBookingTest@928763c]" started-at="2026-04-21T21:41:53 IST" name="login" finished-at="2026-04-21T21:41:57 IST" duration-ms="3646" status="PASS">
          <reporter-output>
          </reporter-output>
        </test-method> <!-- login -->
        <test-method signature="verifyReadmissionCheckbox()[pri:0, instance:tests.AppointmentBookingTest@928763c]" started-at="2026-04-21T21:41:57 IST" name="verifyReadmissionCheckbox" finished-at="2026-04-21T21:42:00 IST" duration-ms="2509" status="PASS">
          <reporter-output>
          </reporter-output>
        </test-method> <!-- verifyReadmissionCheckbox -->
        <test-method is-config="true" signature="tearDown()[pri:0, instance:tests.AppointmentBookingTest@928763c]" started-at="2026-04-21T21:42:00 IST" name="tearDown" finished-at="2026-04-21T21:42:00 IST" duration-ms="259" status="PASS">
          <reporter-output>
          </reporter-output>
        </test-method> <!-- tearDown -->
      </class> <!-- tests.AppointmentBookingTest -->
    </test> <!-- Appointment Booking Tests -->
    <test started-at="2026-04-21T21:42:00 IST" name="Multiple Appointments Tests" finished-at="2026-04-21T21:42:13 IST" duration-ms="12648">
      <class name="tests.MultipleAppointmentsTest">
        <test-method is-config="true" signature="setUp()[pri:0, instance:tests.MultipleAppointmentsTest@31edaa7d]" started-at="2026-04-21T21:42:00 IST" name="setUp" finished-at="2026-04-21T21:42:05 IST" duration-ms="4671" status="PASS">
          <reporter-output>
          </reporter-output>
        </test-method> <!-- setUp -->
        <test-method is-config="true" signature="login()[pri:0, instance:tests.MultipleAppointmentsTest@31edaa7d]" started-at="2026-04-21T21:42:05 IST" name="login" finished-at="2026-04-21T21:42:07 IST" duration-ms="2393" status="PASS">
          <reporter-output>
          </reporter-output>
        </test-method> <!-- login -->
        <test-method signature="verifyMultipleAppointmentsAndSorting()[pri:0, instance:tests.MultipleAppointmentsTest@31edaa7d]" started-at="2026-04-21T21:42:07 IST" name="verifyMultipleAppointmentsAndSorting" finished-at="2026-04-21T21:42:12 IST" duration-ms="5106" status="PASS">
          <reporter-output>
          </reporter-output>
        </test-method> <!-- verifyMultipleAppointmentsAndSorting -->
        <test-method is-config="true" signature="tearDown()[pri:0, instance:tests.MultipleAppointmentsTest@31edaa7d]" started-at="2026-04-21T21:42:12 IST" name="tearDown" finished-at="2026-04-21T21:42:13 IST" duration-ms="472" status="PASS">
          <reporter-output>
          </reporter-output>
        </test-method> <!-- tearDown -->
      </class> <!-- tests.MultipleAppointmentsTest -->
    </test> <!-- Multiple Appointments Tests -->
    <test started-at="2026-04-21T21:41:54 IST" name="Appointment History Tests" finished-at="2026-04-21T21:42:21 IST" duration-ms="27095">
      <class name="tests.AppointmentHistoryTest">
        <test-method is-config="true" signature="setUp()[pri:0, instance:tests.AppointmentHistoryTest@14f232c4]" started-at="2026-04-21T21:41:54 IST" name="setUp" finished-at="2026-04-21T21:41:58 IST" duration-ms="4231" status="PASS">
          <reporter-output>
          </reporter-output>
        </test-method> <!-- setUp -->
        <test-method is-config="true" signature="login()[pri:0, instance:tests.AppointmentHistoryTest@14f232c4]" started-at="2026-04-21T21:41:58 IST" name="login" finished-at="2026-04-21T21:42:00 IST" duration-ms="1920" status="PASS">
          <reporter-output>
          </reporter-output>
        </test-method> <!-- login -->
        <test-method signature="verifyHistoryContentDisplayed()[pri:0, instance:tests.AppointmentHistoryTest@14f232c4]" started-at="2026-04-21T21:42:00 IST" name="verifyHistoryContentDisplayed" finished-at="2026-04-21T21:42:02 IST" duration-ms="2477" status="PASS">
          <reporter-output>
          </reporter-output>
        </test-method> <!-- verifyHistoryContentDisplayed -->
        <test-method is-config="true" signature="tearDown()[pri:0, instance:tests.AppointmentHistoryTest@14f232c4]" started-at="2026-04-21T21:42:02 IST" name="tearDown" finished-at="2026-04-21T21:42:03 IST" duration-ms="345" status="PASS">
          <reporter-output>
          </reporter-output>
        </test-method> <!-- tearDown -->
        <test-method is-config="true" signature="setUp()[pri:0, instance:tests.AppointmentHistoryTest@14f232c4]" started-at="2026-04-21T21:42:03 IST" name="setUp" finished-at="2026-04-21T21:42:08 IST" duration-ms="5609" status="PASS">
          <reporter-output>
          </reporter-output>
        </test-method> <!-- setUp -->
        <test-method is-config="true" signature="login()[pri:0, instance:tests.AppointmentHistoryTest@14f232c4]" started-at="2026-04-21T21:42:08 IST" name="login" finished-at="2026-04-21T21:42:09 IST" duration-ms="1364" status="PASS">
          <reporter-output>
          </reporter-output>
        </test-method> <!-- login -->
        <test-method signature="verifyHistoryPageLoads()[pri:0, instance:tests.AppointmentHistoryTest@14f232c4]" started-at="2026-04-21T21:42:09 IST" name="verifyHistoryPageLoads" finished-at="2026-04-21T21:42:11 IST" duration-ms="1442" status="PASS">
          <reporter-output>
          </reporter-output>
        </test-method> <!-- verifyHistoryPageLoads -->
        <test-method is-config="true" signature="tearDown()[pri:0, instance:tests.AppointmentHistoryTest@14f232c4]" started-at="2026-04-21T21:42:11 IST" name="tearDown" finished-at="2026-04-21T21:42:11 IST" duration-ms="301" status="PASS">
          <reporter-output>
          </reporter-output>
        </test-method> <!-- tearDown -->
        <test-method is-config="true" signature="setUp()[pri:0, instance:tests.AppointmentHistoryTest@14f232c4]" started-at="2026-04-21T21:42:11 IST" name="setUp" finished-at="2026-04-21T21:42:15 IST" duration-ms="4250" status="PASS">
          <reporter-output>
          </reporter-output>
        </test-method> <!-- setUp -->
        <test-method is-config="true" signature="login()[pri:0, instance:tests.AppointmentHistoryTest@14f232c4]" started-at="2026-04-21T21:42:15 IST" name="login" finished-at="2026-04-21T21:42:17 IST" duration-ms="1651" status="PASS">
          <reporter-output>
          </reporter-output>
        </test-method> <!-- login -->
        <test-method signature="verifyLatestAppointmentInHistory()[pri:0, instance:tests.AppointmentHistoryTest@14f232c4]" started-at="2026-04-21T21:42:17 IST" name="verifyLatestAppointmentInHistory" finished-at="2026-04-21T21:42:20 IST" duration-ms="3261" status="PASS">
          <reporter-output>
          </reporter-output>
        </test-method> <!-- verifyLatestAppointmentInHistory -->
        <test-method is-config="true" signature="tearDown()[pri:0, instance:tests.AppointmentHistoryTest@14f232c4]" started-at="2026-04-21T21:42:20 IST" name="tearDown" finished-at="2026-04-21T21:42:21 IST" duration-ms="229" status="PASS">
          <reporter-output>
          </reporter-output>
        </test-method> <!-- tearDown -->
      </class> <!-- tests.AppointmentHistoryTest -->
    </test> <!-- Appointment History Tests -->
    <test started-at="2026-04-21T21:42:13 IST" name="Form Validations Tests" finished-at="2026-04-21T21:42:36 IST" duration-ms="23147">
      <class name="tests.FormValidationsTest">
        <test-method is-config="true" signature="setUp()[pri:0, instance:tests.FormValidationsTest@44be0077]" started-at="2026-04-21T21:42:13 IST" name="setUp" finished-at="2026-04-21T21:42:17 IST" duration-ms="4343" status="PASS">
          <reporter-output>
          </reporter-output>
        </test-method> <!-- setUp -->
        <test-method signature="verifyEmptyDateValidation()[pri:0, instance:tests.FormValidationsTest@44be0077]" started-at="2026-04-21T21:42:17 IST" name="verifyEmptyDateValidation" finished-at="2026-04-21T21:42:20 IST" duration-ms="3108" status="PASS">
          <reporter-output>
          </reporter-output>
        </test-method> <!-- verifyEmptyDateValidation -->
        <test-method is-config="true" signature="tearDown()[pri:0, instance:tests.FormValidationsTest@44be0077]" started-at="2026-04-21T21:42:20 IST" name="tearDown" finished-at="2026-04-21T21:42:20 IST" duration-ms="260" status="PASS">
          <reporter-output>
          </reporter-output>
        </test-method> <!-- tearDown -->
        <test-method is-config="true" signature="setUp()[pri:0, instance:tests.FormValidationsTest@44be0077]" started-at="2026-04-21T21:42:20 IST" name="setUp" finished-at="2026-04-21T21:42:24 IST" duration-ms="4207" status="PASS">
          <reporter-output>
          </reporter-output>
        </test-method> <!-- setUp -->
        <test-method signature="verifyEmptyLoginValidation()[pri:0, instance:tests.FormValidationsTest@44be0077]" started-at="2026-04-21T21:42:24 IST" name="verifyEmptyLoginValidation" finished-at="2026-04-21T21:42:26 IST" duration-ms="1989" status="PASS">
          <reporter-output>
          </reporter-output>
        </test-method> <!-- verifyEmptyLoginValidation -->
        <test-method is-config="true" signature="tearDown()[pri:0, instance:tests.FormValidationsTest@44be0077]" started-at="2026-04-21T21:42:26 IST" name="tearDown" finished-at="2026-04-21T21:42:27 IST" duration-ms="227" status="PASS">
          <reporter-output>
          </reporter-output>
        </test-method> <!-- tearDown -->
        <test-method is-config="true" signature="setUp()[pri:0, instance:tests.FormValidationsTest@44be0077]" started-at="2026-04-21T21:42:27 IST" name="setUp" finished-at="2026-04-21T21:42:31 IST" duration-ms="4216" status="PASS">
          <reporter-output>
          </reporter-output>
        </test-method> <!-- setUp -->
        <test-method signature="verifyLongCommentAccepted()[pri:0, instance:tests.FormValidationsTest@44be0077]" started-at="2026-04-21T21:42:31 IST" name="verifyLongCommentAccepted" finished-at="2026-04-21T21:42:35 IST" duration-ms="4498" status="PASS">
          <reporter-output>
          </reporter-output>
        </test-method> <!-- verifyLongCommentAccepted -->
        <test-method is-config="true" signature="tearDown()[pri:0, instance:tests.FormValidationsTest@44be0077]" started-at="2026-04-21T21:42:35 IST" name="tearDown" finished-at="2026-04-21T21:42:36 IST" duration-ms="286" status="PASS">
          <reporter-output>
          </reporter-output>
        </test-method> <!-- tearDown -->
      </class> <!-- tests.FormValidationsTest -->
    </test> <!-- Form Validations Tests -->
  </suite> <!-- Automation Suite -->
</testng-results>
