<?xml version="1.0" encoding="UTF-8"?>
<!-- Generated by org.testng.reporters.JUnitReportReporter -->
<testsuite hostname="LAPTOP-S80L74PF" failures="0" tests="3" name="tests.AppointmentHistoryTest" time="27.080" errors="0" timestamp="2026-04-21T21:42:36 IST" skipped="0">
  <testcase classname="tests.AppointmentHistoryTest" name="verifyHistoryPageLoads" time="8.716"/>
  <testcase classname="tests.AppointmentHistoryTest" name="verifyHistoryContentDisplayed" time="8.588"/>
  <testcase classname="tests.AppointmentHistoryTest" name="verifyLatestAppointmentInHistory" time="9.776"/>
</testsuite> <!-- tests.AppointmentHistoryTest -->
