<?xml version="1.0" encoding="UTF-8"?>
<!-- Generated by org.testng.reporters.JUnitReportReporter -->
<testsuite hostname="LAPTOP-S80L74PF" failures="0" tests="4" name="tests.AppointmentBookingTest" time="40.005" errors="0" timestamp="2026-04-21T21:42:36 IST" skipped="0">
  <testcase classname="tests.AppointmentBookingTest" name="verifyAppointmentDetails" time="9.047"/>
  <testcase classname="tests.AppointmentBookingTest" name="verifyReadmissionCheckbox" time="9.453"/>
  <testcase classname="tests.AppointmentBookingTest" name="verifyAppointmentBooking" time="15.080"/>
  <testcase classname="tests.AppointmentBookingTest" name="verifyPastDateBehavior" time="6.425"/>
</testsuite> <!-- tests.AppointmentBookingTest -->
