<?xml version="1.0" encoding="UTF-8"?>
<!-- Generated by org.testng.reporters.JUnitReportReporter -->
<testsuite hostname="LAPTOP-S80L74PF" failures="0" tests="4" name="tests.LoginTest" time="35.039" errors="0" timestamp="2026-04-21T15:28:54 IST" skipped="0">
  <testcase classname="tests.LoginTest" name="verifyProtectedPageRedirectToLogin" time="4.550"/>
  <testcase classname="tests.LoginTest" name="verifyLogin" time="9.320"/>
  <testcase classname="tests.LoginTest" name="verifyLogin" time="8.488"/>
  <testcase classname="tests.LoginTest" name="verifyLogoutRedirectsToHomePage" time="12.681"/>
</testsuite> <!-- tests.LoginTest -->
