<?xml version="1.0" encoding="UTF-8"?>
<!-- Generated by org.testng.reporters.JUnitReportReporter -->
<testsuite hostname="LAPTOP-S80L74PF" failures="0" tests="3" name="tests.AppointmentHistoryTest" time="29.829" errors="0" timestamp="2026-04-21T15:28:54 IST" skipped="0">
  <testcase classname="tests.AppointmentHistoryTest" name="verifyHistoryContentDisplayed" time="7.495"/>
  <testcase classname="tests.AppointmentHistoryTest" name="verifyLatestAppointmentInHistory" time="9.674"/>
  <testcase classname="tests.AppointmentHistoryTest" name="verifyHistoryPageLoads" time="12.660"/>
</testsuite> <!-- tests.AppointmentHistoryTest -->
