<?xml version="1.0" encoding="UTF-8"?>
<!-- Generated by org.testng.reporters.JUnitReportReporter -->
<testsuite hostname="LAPTOP-S80L74PF" failures="0" tests="3" name="tests.FormValidationsTest" time="23.177" errors="0" timestamp="2026-04-21T15:28:54 IST" skipped="0">
  <testcase classname="tests.FormValidationsTest" name="verifyLongCommentAccepted" time="5.799"/>
  <testcase classname="tests.FormValidationsTest" name="verifyEmptyDateValidation" time="10.700"/>
  <testcase classname="tests.FormValidationsTest" name="verifyEmptyLoginValidation" time="6.678"/>
</testsuite> <!-- tests.FormValidationsTest -->
