<?xml version="1.0" encoding="UTF-8"?>
<!-- Generated by org.testng.reporters.JUnitReportReporter -->
<testsuite hostname="LAPTOP-S80L74PF" failures="0" tests="4" name="tests.LoginTest" time="30.530" errors="0" timestamp="2026-04-21T21:42:36 IST" skipped="0">
  <testcase classname="tests.LoginTest" name="verifyLogin" time="5.614"/>
  <testcase classname="tests.LoginTest" name="verifyProtectedPageRedirectToLogin" time="7.573"/>
  <testcase classname="tests.LoginTest" name="verifyLogin" time="8.553"/>
  <testcase classname="tests.LoginTest" name="verifyLogoutRedirectsToHomePage" time="8.790"/>
</testsuite> <!-- tests.LoginTest -->
