<?xml version="1.0" encoding="UTF-8"?>
<!-- Generated by org.testng.reporters.JUnitReportReporter -->
<testsuite hostname="LAPTOP-S80L74PF" failures="0" tests="3" name="tests.FormValidationsTest" time="23.134" errors="0" timestamp="2026-04-21T21:42:36 IST" skipped="0">
  <testcase classname="tests.FormValidationsTest" name="verifyLongCommentAccepted" time="8.974"/>
  <testcase classname="tests.FormValidationsTest" name="verifyEmptyLoginValidation" time="6.423"/>
  <testcase classname="tests.FormValidationsTest" name="verifyEmptyDateValidation" time="7.737"/>
</testsuite> <!-- tests.FormValidationsTest -->
