<?xml version="1.0" encoding="UTF-8"?>
<!-- Generated by org.testng.reporters.JUnitReportReporter -->
<testsuite hostname="LAPTOP-S80L74PF" failures="0" tests="4" name="tests.AppointmentBookingTest" time="42.518" errors="0" timestamp="2026-04-21T15:28:54 IST" skipped="0">
  <testcase classname="tests.AppointmentBookingTest" name="verifyAppointmentDetails" time="17.024"/>
  <testcase classname="tests.AppointmentBookingTest" name="verifyPastDateBehavior" time="8.113"/>
  <testcase classname="tests.AppointmentBookingTest" name="verifyAppointmentBooking" time="7.058"/>
  <testcase classname="tests.AppointmentBookingTest" name="verifyReadmissionCheckbox" time="10.323"/>
</testsuite> <!-- tests.AppointmentBookingTest -->
