<?xml version="1.0" encoding="UTF-8"?>
<!-- Generated by org.testng.reporters.JUnitReportReporter -->
<testsuite hostname="LAPTOP-S80L74PF" failures="0" tests="3" name="tests.AppointmentHistoryTest" time="29.701" errors="0" timestamp="2026-04-21T15:09:14 IST" skipped="0">
  <testcase classname="tests.AppointmentHistoryTest" name="verifyHistoryPageLoads" time="8.877"/>
  <testcase classname="tests.AppointmentHistoryTest" name="verifyLatestAppointmentInHistory" time="9.779"/>
  <testcase classname="tests.AppointmentHistoryTest" name="verifyHistoryContentDisplayed" time="11.045"/>
</testsuite> <!-- tests.AppointmentHistoryTest -->
