<?xml version="1.0" encoding="UTF-8"?>
<!-- Generated by org.testng.reporters.JUnitReportReporter -->
<testsuite hostname="LAPTOP-S80L74PF" failures="0" tests="4" name="tests.LoginTest" time="25.064" errors="0" timestamp="2026-04-21T21:47:32 IST" skipped="0">
  <testcase classname="tests.LoginTest" name="verifyLogin" time="4.089"/>
  <testcase classname="tests.LoginTest" name="verifyLogoutRedirectsToHomePage" time="7.531"/>
  <testcase classname="tests.LoginTest" name="verifyProtectedPageRedirectToLogin" time="6.789"/>
  <testcase classname="tests.LoginTest" name="verifyLogin" time="6.655"/>
</testsuite> <!-- tests.LoginTest -->
