<?xml version="1.0" encoding="UTF-8"?>
<!-- Generated by org.testng.reporters.JUnitReportReporter -->
<testsuite hostname="LAPTOP-S80L74PF" failures="0" tests="3" name="tests.FormValidationsTest" time="30.196" errors="0" timestamp="2026-04-21T15:09:14 IST" skipped="0">
  <testcase classname="tests.FormValidationsTest" name="verifyEmptyDateValidation" time="16.269"/>
  <testcase classname="tests.FormValidationsTest" name="verifyEmptyLoginValidation" time="7.667"/>
  <testcase classname="tests.FormValidationsTest" name="verifyLongCommentAccepted" time="6.260"/>
</testsuite> <!-- tests.FormValidationsTest -->
