<?xml version="1.0" encoding="UTF-8"?>
<!-- Generated by org.testng.reporters.JUnitReportReporter -->
<testsuite hostname="LAPTOP-S80L74PF" failures="0" tests="3" name="tests.AppointmentHistoryTest" time="26.297" errors="0" timestamp="2026-04-21T21:47:32 IST" skipped="0">
  <testcase classname="tests.AppointmentHistoryTest" name="verifyHistoryPageLoads" time="6.549"/>
  <testcase classname="tests.AppointmentHistoryTest" name="verifyLatestAppointmentInHistory" time="9.764"/>
  <testcase classname="tests.AppointmentHistoryTest" name="verifyHistoryContentDisplayed" time="9.984"/>
</testsuite> <!-- tests.AppointmentHistoryTest -->
