<?xml version="1.0" encoding="UTF-8"?>
<!-- Generated by org.testng.reporters.JUnitReportReporter -->
<testsuite hostname="LAPTOP-S80L74PF" failures="0" tests="4" name="tests.AppointmentBookingTest" time="48.072" errors="0" timestamp="2026-04-21T15:09:14 IST" skipped="0">
  <testcase classname="tests.AppointmentBookingTest" name="verifyPastDateBehavior" time="10.875"/>
  <testcase classname="tests.AppointmentBookingTest" name="verifyReadmissionCheckbox" time="16.453"/>
  <testcase classname="tests.AppointmentBookingTest" name="verifyAppointmentDetails" time="10.179"/>
  <testcase classname="tests.AppointmentBookingTest" name="verifyAppointmentBooking" time="10.565"/>
</testsuite> <!-- tests.AppointmentBookingTest -->
