<?xml version="1.0" encoding="UTF-8"?>
<!-- Generated by org.testng.reporters.JUnitReportReporter -->
<testsuite hostname="LAPTOP-S80L74PF" failures="0" tests="3" name="tests.FormValidationsTest" time="22.895" errors="0" timestamp="2026-04-21T21:47:32 IST" skipped="0">
  <testcase classname="tests.FormValidationsTest" name="verifyEmptyDateValidation" time="7.347"/>
  <testcase classname="tests.FormValidationsTest" name="verifyLongCommentAccepted" time="8.402"/>
  <testcase classname="tests.FormValidationsTest" name="verifyEmptyLoginValidation" time="7.146"/>
</testsuite> <!-- tests.FormValidationsTest -->
