<?xml version="1.0" encoding="UTF-8"?>
<!-- Generated by org.testng.reporters.JUnitReportReporter -->
<testsuite hostname="LAPTOP-S80L74PF" failures="0" tests="4" name="tests.AppointmentBookingTest" time="35.722" errors="0" timestamp="2026-04-21T21:47:32 IST" skipped="0">
  <testcase classname="tests.AppointmentBookingTest" name="verifyAppointmentDetails" time="7.205"/>
  <testcase classname="tests.AppointmentBookingTest" name="verifyPastDateBehavior" time="8.459"/>
  <testcase classname="tests.AppointmentBookingTest" name="verifyAppointmentBooking" time="8.280"/>
  <testcase classname="tests.AppointmentBookingTest" name="verifyReadmissionCheckbox" time="11.778"/>
</testsuite> <!-- tests.AppointmentBookingTest -->
