<?xml version="1.0" encoding="UTF-8"?>
<!-- Generated by org.testng.reporters.JUnitReportReporter -->
<testsuite hostname="LAPTOP-S80L74PF" failures="0" tests="4" name="tests.LoginTest" time="25.453" errors="0" timestamp="2026-04-21T15:09:14 IST" skipped="0">
  <testcase classname="tests.LoginTest" name="verifyLogin" time="7.800"/>
  <testcase classname="tests.LoginTest" name="verifyLogoutRedirectsToHomePage" time="8.798"/>
  <testcase classname="tests.LoginTest" name="verifyLogin" time="5.774"/>
  <testcase classname="tests.LoginTest" name="verifyProtectedPageRedirectToLogin" time="3.081"/>
</testsuite> <!-- tests.LoginTest -->
